\BOOKMARK [0][-]{chapter.1}{\376\377\000T\036\324\000N\000G\000\040\000Q\000U\000A\000N}{}% 1
\BOOKMARK [1][-]{section.1.1}{\376\377\001\020\036\267\000t\000\040\000v\036\245\000n\000\040\001\021\036\301}{chapter.1}% 2
\BOOKMARK [1][-]{section.1.2}{\376\377\000P\000h\001\260\001\241\000n\000g\000\040\000p\000h\000\341\000p\000\040\001\021\000i\036\301\000u\000\040\000k\000h\000i\036\303\000n\000\040\000t\000r\001\260\036\343\000t}{chapter.1}% 3
\BOOKMARK [2][-]{subsection.1.2.1}{\376\377\001\020\000i\036\301\000u\000\040\000k\000h\000i\036\303\000n\000\040\000t\000r\001\260\036\343\000t\000\040\000t\000r\000u\000y\036\301\000n\000\040\000t\000h\036\321\000n\000g}{section.1.2}% 4
\BOOKMARK [2][-]{subsection.1.2.2}{\376\377\000T\000h\000u\036\255\000t\000\040\000t\000o\000\341\000n\000\040\000S\000u\000p\000e\000r\000-\000T\000w\000i\000s\000t\000i\000n\000g}{section.1.2}% 5
\BOOKMARK [1][-]{section.1.3}{\376\377\000C\036\245\000u\000\040\000t\000r\000\372\000c\000\040\001\021\000i\036\301\000u\000\040\000k\000h\000i\036\303\000n\000\040\000t\036\247\000n\000g}{chapter.1}% 6
\BOOKMARK [1][-]{section.1.4}{\376\377\000T\000h\000\364\000n\000g\000\040\000s\036\321\000\040\000v\036\255\000t\000\040\000l\000\375\000\040\000c\036\347\000a\000\040\000m\000\364\000\040\000h\000\354\000n\000h}{chapter.1}% 7
\BOOKMARK [1][-]{section.1.5}{\376\377\000C\000\341\000c\000\040\000k\036\313\000c\000h\000\040\000b\036\243\000n\000\040\000q\000u\036\371\000\040\001\021\036\241\000o\000\040\000t\000h\000a\000m\000\040\000c\000h\000i\036\277\000u}{chapter.1}% 8
\BOOKMARK [0][-]{chapter.2}{\376\377\000M\000\324\000\040\000H\000\314\000N\000H\000\040\000T\000O\000\301\000N\000\040\000H\036\314\000C}{}% 9
\BOOKMARK [1][-]{section.2.1}{\376\377\000H\036\307\000\040\000t\036\315\000a\000\040\001\021\036\331}{chapter.2}% 10
\BOOKMARK [1][-]{section.2.2}{\376\377\000M\000a\000\040\000t\000r\036\255\000n\000\040\000q\000u\000a\000y}{chapter.2}% 11
\BOOKMARK [1][-]{section.2.3}{\376\377\000M\000\364\000\040\000h\000\354\000n\000h\000\040\000l\036\361\000c\000\040\000v\000\340\000\040\000m\000o\000m\000e\000n\000t\000\040\000t\036\353\000\040\000c\000\341\000n\000h\000\040\000q\000u\036\241\000t}{chapter.2}% 12
\BOOKMARK [1][-]{section.2.4}{\376\377\001\020\036\331\000n\000g\000\040\000l\036\361\000c\000\040\000h\036\315\000c\000\040\000t\036\313\000n\000h\000\040\000t\000i\036\277\000n}{chapter.2}% 13
\BOOKMARK [1][-]{section.2.5}{\376\377\001\020\036\331\000n\000g\000\040\000l\036\361\000c\000\040\000h\036\315\000c\000\040\000q\000u\000a\000y}{chapter.2}% 14
\BOOKMARK [1][-]{section.2.6}{\376\377\000D\036\241\000n\000g\000\040\000r\000\372\000t\000\040\000g\036\315\000n\000\040\000c\000h\000o\000\040\000t\000h\000i\036\277\000t\000\040\000k\036\277\000\040\001\021\000i\036\301\000u\000\040\000k\000h\000i\036\303\000n}{chapter.2}% 15
\BOOKMARK [0][-]{chapter.3}{\376\377\000T\000H\000I\036\276\000T\000\040\000K\036\276\000\040\000B\036\330\000\040\001\020\000I\036\300\000U\000\040\000K\000H\000I\036\302\000N}{}% 16
\BOOKMARK [1][-]{section.3.1}{\376\377\000S\001\241\000\040\001\021\036\323\000\040\000k\000h\036\321\000i\000\040\000b\036\331\000\040\001\021\000i\036\301\000u\000\040\000k\000h\000i\036\303\000n}{chapter.3}% 17
\BOOKMARK [1][-]{section.3.2}{\376\377\000T\000h\000i\036\277\000t\000\040\000k\036\277\000\040\000c\000h\000u\000n\000g\000\040\000c\000h\000o\000\040\000m\036\331\000t\000\040\000k\000\352\000n\000h}{chapter.3}% 18
\BOOKMARK [1][-]{section.3.3}{\376\377\000V\000\362\000n\000g\000\040\000n\000g\000o\000\340\000i\000:\000\040\001\021\000i\036\301\000u\000\040\000k\000h\000i\036\303\000n\000\040\001\021\036\331\000\040\000c\000a\000o\000\040\000z}{chapter.3}% 19
\BOOKMARK [1][-]{section.3.4}{\376\377\000V\000\362\000n\000g\000\040\000n\000g\000o\000\340\000i\000:\000\040\001\021\000i\036\301\000u\000\040\000k\000h\000i\036\303\000n\000\040\000v\036\313\000\040\000t\000r\000\355\000\040\000x\000\040\000v\000\340\000\040\000y}{chapter.3}% 20
\BOOKMARK [2][-]{subsection.3.4.1}{\376\377\000T\000\355\000n\000h\000\040\000g\000\363\000c\000\040\000t\000h\000a\000m\000\040\000c\000h\000i\036\277\000u}{section.3.4}% 21
\BOOKMARK [2][-]{subsection.3.4.2}{\376\377\000B\036\331\000\040\000l\036\315\000c\000\040\000c\000h\000o\000\040\000g\000\363\000c\000\040\000t\000h\000a\000m\000\040\000c\000h\000i\036\277\000u}{section.3.4}% 22
\BOOKMARK [1][-]{section.3.5}{\376\377\000V\000\362\000n\000g\000\040\000t\000r\000o\000n\000g\000:\000\040\001\021\000i\036\301\000u\000\040\000k\000h\000i\036\303\000n\000\040\000g\000\363\000c\000\040\000r\000o\000l\000l\000\040}{chapter.3}% 23
\BOOKMARK [1][-]{section.3.6}{\376\377\000V\000\362\000n\000g\000\040\000t\000r\000o\000n\000g\000:\000\040\001\021\000i\036\301\000u\000\040\000k\000h\000i\036\303\000n\000\040\000g\000\363\000c\000\040\000p\000i\000t\000c\000h\000\040}{chapter.3}% 24
\BOOKMARK [1][-]{section.3.7}{\376\377\000V\000\362\000n\000g\000\040\000t\000r\000o\000n\000g\000:\000\040\001\021\000i\036\301\000u\000\040\000k\000h\000i\036\303\000n\000\040\000g\000\363\000c\000\040\000y\000a\000w\000\040}{chapter.3}% 25
\BOOKMARK [1][-]{section.3.8}{\376\377\000B\036\243\000n\000g\000\040\000t\000h\000a\000m\000\040\000s\036\321\000\040\000b\036\331\000\040\001\021\000i\036\301\000u\000\040\000k\000h\000i\036\303\000n}{chapter.3}% 26
\BOOKMARK [0][-]{chapter.4}{\376\377\000C\000H\036\350\000N\000G\000\040\000M\000I\000N\000H\000\040\036\324\000N\000\040\001\020\036\312\000N\000H}{}% 27
\BOOKMARK [1][-]{section.4.1}{\376\377\000H\036\307\000\040\001\021\036\331\000n\000g\000\040\000l\036\361\000c\000\040\000v\000\362\000n\000g\000\040\000k\000\355\000n}{chapter.4}% 28
\BOOKMARK [1][-]{section.4.2}{\376\377\001\020\036\325\000i\000\040\000b\000i\036\277\000n\000\040\000t\000r\036\241\000n\000g\000\040\000t\000h\000\341\000i}{chapter.4}% 29
\BOOKMARK [1][-]{section.4.3}{\376\377\000X\000\342\000y\000\040\000d\036\361\000n\000g\000\040\000h\000\340\000m\000\040\000L\000y\000a\000p\000u\000n\000o\000v}{chapter.4}% 30
\BOOKMARK [1][-]{section.4.4}{\376\377\000T\000\355\000n\000h\000\040\001\021\036\241\000o\000\040\000h\000\340\000m\000\040\000h\000\340\000m\000\040\000L\000y\000a\000p\000u\000n\000o\000v}{chapter.4}% 31
\BOOKMARK [1][-]{section.4.5}{\376\377\000H\036\331\000i\000\040\000t\036\345\000\040\000t\000h\036\335\000i\000\040\000g\000i\000a\000n\000\040\000h\036\357\000u\000\040\000h\036\241\000n}{chapter.4}% 32
\BOOKMARK [1][-]{section.4.6}{\376\377\001\020\036\331\000n\000g\000\040\000l\036\361\000c\000\040\000t\000r\000\352\000n\000\040\000m\036\267\000t\000\040\000t\000r\001\260\036\343\000t}{chapter.4}% 33
\BOOKMARK [1][-]{section.4.7}{\376\377\000T\000\355\000n\000h\000\040\000l\000i\000\352\000n\000\040\000t\036\345\000c\000\040\000c\036\347\000a\000\040\000t\000\355\000n\000\040\000h\000i\036\307\000u\000\040\001\021\000i\036\301\000u\000\040\000k\000h\000i\036\303\000n}{chapter.4}% 34
\BOOKMARK [1][-]{section.4.8}{\376\377\036\324\000n\000\040\001\021\036\313\000n\000h\000\040\000c\036\347\000a\000\040\000c\036\245\000u\000\040\000t\000r\000\372\000c\000\040\000t\036\247\000n\000g}{chapter.4}% 35
\BOOKMARK [2][-]{subsection.4.8.1}{\376\377\000P\000h\000\342\000n\000\040\000t\000\341\000c\000h\000\040\000t\000h\000a\000n\000g\000\040\000t\000h\036\335\000i\000\040\000g\000i\000a\000n}{section.4.8}% 36
\BOOKMARK [2][-]{subsection.4.8.2}{\376\377\001\020\000i\036\301\000u\000\040\000k\000i\036\307\000n\000\040\036\325\000n\000\040\001\021\036\313\000n\000h\000\040\000t\036\325\000n\000g\000\040\000t\000h\036\303}{section.4.8}% 37
\BOOKMARK [1][-]{section.4.9}{\376\377\036\324\000n\000\040\001\021\036\313\000n\000h\000\040\000t\000h\036\361\000c\000\040\000t\036\277\000\040\000v\036\333\000i\000\040\000h\000\340\000m\000\040\000x\036\245\000p\000\040\000x\036\311}{chapter.4}% 38
\BOOKMARK [2][-]{subsection.4.9.1}{\376\377\000P\000h\000\342\000n\000\040\000t\000\355\000c\000h\000\040\000v\000\371\000n\000g\000\040\000h\036\331\000i\000\040\000t\036\345}{section.4.9}% 39
\BOOKMARK [2][-]{subsection.4.9.2}{\376\377\001\020\000\341\000n\000h\000\040\000g\000i\000\341\000\040\001\021\036\313\000n\000h\000\040\000l\001\260\036\343\000n\000g}{section.4.9}% 40
\BOOKMARK [1][-]{section.4.10}{\376\377\000T\036\325\000n\000g\000\040\000k\036\277\000t\000\040\000t\000\355\000n\000h\000\040\036\325\000n\000\040\001\021\036\313\000n\000h}{chapter.4}% 41
\BOOKMARK [0][-]{chapter.5}{\376\377\000K\036\276\000T\000\040\000Q\000U\036\242\000\040\000M\000\324\000\040\000P\000H\036\316\000N\000G}{}% 42
\BOOKMARK [1][-]{section.5.1}{\376\377\000M\000\364\000\040\000h\000\354\000n\000h\000\040\000S\000i\000m\000u\000l\000i\000n\000k\000\040\000t\000r\000o\000n\000g\000\040\000M\000a\000t\000l\000a\000b\000\040}{chapter.5}% 43
\BOOKMARK [1][-]{section.5.2}{\376\377\000K\036\313\000c\000h\000\040\000b\036\243\000n\000\040\0001\000:\000\040\000g\000i\036\357\000\040\000v\036\313\000\040\000t\000r\000\355}{chapter.5}% 44
\BOOKMARK [2][-]{subsection.5.2.1}{\376\377\001\020\000\341\000p\000\040\036\351\000n\000g\000\040\000v\036\313\000\040\000t\000r\000\355}{section.5.2}% 45
\BOOKMARK [2][-]{subsection.5.2.2}{\376\377\001\020\000\341\000p\000\040\036\351\000n\000g\000\040\000g\000\363\000c}{section.5.2}% 46
\BOOKMARK [2][-]{subsection.5.2.3}{\376\377\000S\000a\000i\000\040\000s\036\321\000\040\000b\000\341\000m}{section.5.2}% 47
\BOOKMARK [2][-]{subsection.5.2.4}{\376\377\000Q\000u\036\371\000\040\001\021\036\241\000o\000\040\0003\000D}{section.5.2}% 48
\BOOKMARK [1][-]{section.5.3}{\376\377\000K\036\313\000c\000h\000\040\000b\036\243\000n\000\040\0002\000:\000\040\000b\000\341\000m\000\040\000q\000u\036\371\000\040\001\021\036\241\000o\000\040\000t\000r\000\362\000n}{chapter.5}% 49
\BOOKMARK [2][-]{subsection.5.3.1}{\376\377\001\020\000\341\000p\000\040\036\351\000n\000g\000\040\000v\036\313\000\040\000t\000r\000\355}{section.5.3}% 50
\BOOKMARK [2][-]{subsection.5.3.2}{\376\377\001\020\000\341\000p\000\040\036\351\000n\000g\000\040\000g\000\363\000c}{section.5.3}% 51
\BOOKMARK [2][-]{subsection.5.3.3}{\376\377\000Q\000u\036\371\000\040\001\021\036\241\000o\000\040\000t\000r\000o\000n\000g\000\040\000m\036\267\000t\000\040\000p\000h\036\263\000n\000g\000\040\000x\000-\000y}{section.5.3}% 52
\BOOKMARK [2][-]{subsection.5.3.4}{\376\377\000Q\000u\036\371\000\040\001\021\036\241\000o\000\040\0003\000D}{section.5.3}% 53
\BOOKMARK [2][-]{subsection.5.3.5}{\376\377\000S\000a\000i\000\040\000s\036\321\000\040\000b\000\341\000m}{section.5.3}% 54
\BOOKMARK [2][-]{subsection.5.3.6}{\376\377\001\020\000\341\000n\000h\000\040\000g\000i\000\341\000\040\001\021\036\313\000n\000h\000\040\000l\001\260\036\343\000n\000g}{section.5.3}% 55
\BOOKMARK [1][-]{section.5.4}{\376\377\000N\000h\036\255\000n\000\040\000x\000\351\000t}{chapter.5}% 56
