\BOOKMARK [0][-]{chapter.1}{\376\377\000T\036\324\000N\000G\000\040\000Q\000U\000A\000N\000\040\001\020\036\300\000\040\000T\000\300\000I}{}% 1
\BOOKMARK [1][-]{section.1.1}{\376\377\000L\000\375\000\040\000d\000o\000\040\000c\000h\036\315\000n\000\040\001\021\036\301\000\040\000t\000\340\000i}{chapter.1}% 2
\BOOKMARK [1][-]{section.1.2}{\376\377\000M\036\345\000c\000\040\000t\000i\000\352\000u\000\040\001\021\036\301\000\040\000t\000\340\000i}{chapter.1}% 3
\BOOKMARK [1][-]{section.1.3}{\376\377\001\020\036\321\000i\000\040\000t\001\260\036\343\000n\000g\000\040\000v\000\340\000\040\000p\000h\036\241\000m\000\040\000v\000i\000\040\000n\000g\000h\000i\000\352\000n\000\040\000c\036\351\000u}{chapter.1}% 4
\BOOKMARK [1][-]{section.1.4}{\376\377\000C\036\245\000u\000\040\000t\000r\000\372\000c\000\040\000t\036\325\000n\000g\000\040\000q\000u\000a\000n\000\040\000h\036\307\000\040\000t\000h\036\321\000n\000g}{chapter.1}% 5
\BOOKMARK [0][-]{chapter.2}{\376\377\000C\001\240\000\040\000S\036\336\000\040\000L\000\335\000\040\000T\000H\000U\000Y\036\276\000T\000\040\000V\036\300\000\040\000E\000T\000H\000E\000R\000N\000E\000T\000\040\000V\000\300\000\040\000T\000C\000P\000/\000I\000P}{}% 6
\BOOKMARK [1][-]{section.2.1}{\376\377\000E\000t\000h\000e\000r\000n\000e\000t\000\040\000v\000\340\000\040\000m\000o\000d\000u\000l\000e\000\040\000W\0005\0005\0000\0000}{chapter.2}% 7
\BOOKMARK [1][-]{section.2.2}{\376\377\000G\000i\000a\000o\000\040\000t\000h\036\351\000c\000\040\000T\000C\000P\000/\000I\000P}{chapter.2}% 8
\BOOKMARK [1][-]{section.2.3}{\376\377\000M\000\364\000\040\000h\000\354\000n\000h\000\040\000T\000C\000P\000\040\000S\000e\000r\000v\000e\000r\000\040\000v\000\340\000\040\000T\000C\000P\000\040\000C\000l\000i\000e\000n\000t}{chapter.2}% 9
\BOOKMARK [1][-]{section.2.4}{\376\377\000F\000r\000a\000m\000e\000\040\000t\000r\000u\000y\036\301\000n\000\040\000t\000h\000\364\000n\000g\000\040\036\351\000n\000g\000\040\000d\036\345\000n\000g}{chapter.2}% 10
\BOOKMARK [0][-]{chapter.3}{\376\377\000M\036\240\000C\000H\000\040\000N\000G\000U\000Y\000\312\000N\000\040\000L\000\315\000\040\000V\000\300\000\040\000L\000A\000Y\000O\000U\000T}{}% 11
\BOOKMARK [1][-]{section.3.1}{\376\377\000S\001\241\000\040\001\021\036\323\000\040\000n\000g\000u\000y\000\352\000n\000\040\000l\000\355}{chapter.3}% 12
\BOOKMARK [1][-]{section.3.2}{\376\377\000P\000C\000B\000\040\000L\000a\000y\000o\000u\000t}{chapter.3}% 13
\BOOKMARK [0][-]{chapter.4}{\376\377\000T\000H\000I\036\276\000T\000\040\000K\036\276\000\040\000F\000I\000R\000M\000W\000A\000R\000E\000\040\000H\036\306\000\040\000T\000H\036\320\000N\000G}{}% 14
\BOOKMARK [1][-]{section.4.1}{\376\377\000T\036\325\000n\000g\000\040\000q\000u\000a\000n\000\040\000c\036\245\000u\000\040\000t\000r\000\372\000c\000\040\000f\000i\000r\000m\000w\000a\000r\000e}{chapter.4}% 15
\BOOKMARK [1][-]{section.4.2}{\376\377\000B\036\331\000\040\000n\000h\036\333\000\040\001\021\036\307\000m\000\040\000l\036\307\000n\000h\000\040\000v\000\340\000\040\000t\000e\000l\000e\000m\000e\000t\000r\000y}{chapter.4}% 16
\BOOKMARK [1][-]{section.4.3}{\376\377\000K\000h\036\337\000i\000\040\000t\036\241\000o\000\040\000c\000\341\000c\000\040\000m\000o\000d\000u\000l\000e\000\040\000p\000h\036\247\000n\000\040\000c\036\351\000n\000g}{chapter.4}% 17
\BOOKMARK [2][-]{subsection.4.3.1}{\376\377\000K\000h\036\337\000i\000\040\000t\036\241\000o\000\040\000e\000n\000c\000o\000d\000e\000r}{section.4.3}% 18
\BOOKMARK [2][-]{subsection.4.3.2}{\376\377\000K\000h\036\337\000i\000\040\000t\036\241\000o\000\040\001\021\000i\036\301\000u\000\040\000k\000h\000i\036\303\000n\000\040\001\021\036\331\000n\000g\000\040\000c\001\241}{section.4.3}% 19
\BOOKMARK [2][-]{subsection.4.3.3}{\376\377\000K\000h\036\337\000i\000\040\000t\036\241\000o\000\040\000E\000t\000h\000e\000r\000n\000e\000t}{section.4.3}% 20
\BOOKMARK [1][-]{section.4.4}{\376\377\000T\000h\000i\036\277\000t\000\040\000k\036\277\000\040\000v\000\362\000n\000g\000\040\001\021\000i\036\301\000u\000\040\000k\000h\000i\036\303\000n\000\040\000t\000h\036\335\000i\000\040\000g\000i\000a\000n\000\040\000t\000h\036\361\000c\000\040\000t\000r\000\352\000n\000\040\000C\000o\000r\000e\000\040\0001}{chapter.4}% 21
\BOOKMARK [2][-]{subsection.4.4.1}{\376\377\000T\000i\000m\000e\000r\000\040\000I\000S\000R\000\040\000t\036\321\000i\000\040\000g\000i\036\243\000n}{section.4.4}% 22
\BOOKMARK [2][-]{subsection.4.4.2}{\376\377\000T\036\241\000o\000\040\000t\000a\000s\000k\000\040\001\021\000i\036\301\000u\000\040\000k\000h\000i\036\303\000n\000\040\000v\000\340\000\040\000g\000h\000i\000m\000\040\000v\000\340\000o\000\040\000C\000o\000r\000e\000\040\0001}{section.4.4}% 23
\BOOKMARK [2][-]{subsection.4.4.3}{\376\377\001\020\036\315\000c\000\040\000e\000n\000c\000o\000d\000e\000r\000\040\000v\000\340\000\040\000t\000\355\000n\000h\000\040\000R\000P\000M}{section.4.4}% 24
\BOOKMARK [2][-]{subsection.4.4.4}{\376\377\000C\036\255\000p\000\040\000n\000h\036\255\000t\000\040\000P\000W\000M\000\040\000t\000r\000o\000n\000g\000\040\000t\000a\000s\000k\000\040\000r\000e\000a\000l\000t\000i\000m\000e}{section.4.4}% 25
\BOOKMARK [2][-]{subsection.4.4.5}{\376\377\000B\036\331\000\040\001\021\000i\036\301\000u\000\040\000k\000h\000i\036\303\000n\000\040\000P\000I}{section.4.4}% 26
\BOOKMARK [2][-]{subsection.4.4.6}{\376\377\000L\000u\036\323\000n\000g\000\040\000x\036\355\000\040\000l\000\375\000\040\000c\036\347\000a\000\040\000t\000a\000s\000k\000\040\000r\000e\000a\000l\000t\000i\000m\000e}{section.4.4}% 27
\BOOKMARK [1][-]{section.4.5}{\376\377\000T\000a\000s\000k\000\040\000T\000C\000P\000\040\000S\000e\000r\000v\000e\000r\000\040\000t\000r\000\352\000n\000\040\000C\000o\000r\000e\000\040\0000}{chapter.4}% 28
\BOOKMARK [2][-]{subsection.4.5.1}{\376\377\000T\036\241\000o\000\040\000T\000C\000P\000\040\000s\000e\000r\000v\000e\000r}{section.4.5}% 29
\BOOKMARK [2][-]{subsection.4.5.2}{\376\377\000T\000C\000P\000\040\000k\000h\000\364\000n\000g\000\040\000t\000r\036\361\000c\000\040\000t\000i\036\277\000p\000\040\001\021\000i\036\301\000u\000\040\000k\000h\000i\036\303\000n\000\040\000P\000W\000M}{section.4.5}% 30
\BOOKMARK [1][-]{section.4.6}{\376\377\000G\000i\000a\000o\000\040\000t\000h\036\351\000c\000\040\000f\000r\000a\000m\000e\000\040\000t\000r\000u\000y\036\301\000n\000\040\000t\000h\000\364\000n\000g}{chapter.4}% 31
\BOOKMARK [1][-]{section.4.7}{\376\377\000G\000i\000\341\000m\000\040\000s\000\341\000t\000\040\000a\000n\000\040\000t\000o\000\340\000n\000\040\000v\000\340\000\040\000t\000i\000m\000e\000o\000u\000t\000\040\000t\000r\000u\000y\036\301\000n\000\040\000t\000h\000\364\000n\000g}{chapter.4}% 32
\BOOKMARK [1][-]{section.4.8}{\376\377\000T\036\241\000o\000\040\000c\000\341\000c\000\040\000t\000a\000s\000k\000\040\000t\000r\000o\000n\000g\000\040\000h\000\340\000m\000\040\000a\000p\000p\000\137\000m\000a\000i\000n}{chapter.4}% 33
\BOOKMARK [1][-]{section.4.9}{\376\377\000L\000u\036\323\000n\000g\000\040\000h\000o\036\241\000t\000\040\001\021\036\331\000n\000g\000\040\000c\036\347\000a\000\040\000f\000i\000r\000m\000w\000a\000r\000e}{chapter.4}% 34
\BOOKMARK [0][-]{chapter.5}{\376\377\000T\000H\000I\036\276\000T\000\040\000K\036\276\000\040\000G\000I\000A\000O\000\040\000D\000I\036\306\000N\000\040\000Q\000U\036\242\000N\000\040\000L\000\315\000\040\000B\036\260\000N\000G\000\040\000P\000Y\000T\000H\000O\000N}{}% 35
\BOOKMARK [1][-]{section.5.1}{\376\377\000T\036\325\000n\000g\000\040\000q\000u\000a\000n\000\040\000g\000i\000a\000o\000\040\000d\000i\036\307\000n\000\040\000P\000y\000t\000h\000o\000n}{chapter.5}% 36
\BOOKMARK [1][-]{section.5.2}{\376\377\001\020\036\313\000n\000h\000\040\000n\000g\000h\001\051\000a\000\040\000g\000i\000a\000o\000\040\000t\000h\036\351\000c\000\040\000v\000\340\000\040\000t\000h\000a\000m\000\040\000s\036\321\000\040\000g\000i\000a\000o\000\040\000t\000i\036\277\000p}{chapter.5}% 37
\BOOKMARK [1][-]{section.5.3}{\376\377\000T\000\355\000n\000h\000\040\000C\000R\000C\000\040\000v\000\340\000\040\001\021\000\363\000n\000g\000\040\000g\000\363\000i\000\040\000f\000r\000a\000m\000e\000\040\000@\000S\000E\000N}{chapter.5}% 38
\BOOKMARK [1][-]{section.5.4}{\376\377\000N\000h\036\255\000n\000\040\000v\000\340\000\040\000g\000i\036\243\000i\000\040\000m\000\343\000\040\000f\000r\000a\000m\000e\000\040\000@\000R\000E\000C}{chapter.5}% 39
\BOOKMARK [1][-]{section.5.5}{\376\377\000L\000u\036\323\000n\000g\000\040\000T\000C\000P\000\040\000C\000l\000i\000e\000n\000t\000\040\000R\000e\000a\000l\000t\000i\000m\000e\000C\000l\000i\000e\000n\000t}{chapter.5}% 40
\BOOKMARK [1][-]{section.5.6}{\376\377\000T\000h\000i\036\277\000t\000\040\000k\036\277\000\040\000l\036\333\000p\000\040\000g\000i\000a\000o\000\040\000d\000i\036\307\000n\000\040\000M\000o\000t\000o\000r\000G\000U\000I}{chapter.5}% 41
\BOOKMARK [1][-]{section.5.7}{\376\377\000K\036\277\000t\000\040\000n\036\321\000i\000\040\000v\000\340\000\040\000n\000g\036\257\000t\000\040\000k\036\277\000t\000\040\000n\036\321\000i\000\040\000E\000S\000P\0003\0002}{chapter.5}% 42
\BOOKMARK [1][-]{section.5.8}{\376\377\001\020\000i\036\301\000u\000\040\000k\000h\000i\036\303\000n\000\040\000M\000a\000n\000u\000a\000l\000\040\000P\000W\000M}{chapter.5}% 43
\BOOKMARK [1][-]{section.5.9}{\376\377\000C\036\245\000u\000\040\000h\000\354\000n\000h\000\040\000b\036\331\000\040\001\021\000i\036\301\000u\000\040\000k\000h\000i\036\303\000n\000\040\000P\000I\000\040\000t\000r\000o\000n\000g\000\040\000f\000i\000r\000m\000w\000a\000r\000e}{chapter.5}% 44
\BOOKMARK [1][-]{section.5.10}{\376\377\001\020\036\315\000c\000\040\000t\000e\000l\000e\000m\000e\000t\000r\000y\000\040\000v\000\340\000\040\000m\000o\000n\000i\000t\000o\000r\000\040\000t\036\361\000\040\001\021\036\331\000n\000g}{chapter.5}% 45
\BOOKMARK [1][-]{section.5.11}{\376\377\000X\036\355\000\040\000l\000\375\000\040\000s\036\361\000\040\000k\000i\036\307\000n\000\040\000t\036\353\000\040\000l\000u\036\323\000n\000g\000\040\000T\000C\000P}{chapter.5}% 46
\BOOKMARK [1][-]{section.5.12}{\376\377\000C\036\255\000p\000\040\000n\000h\036\255\000t\000\040\000d\036\357\000\040\000l\000i\036\307\000u\000\040\000p\000h\036\243\000n\000\040\000h\036\323\000i\000\040\000l\000\352\000n\000\040\000g\000i\000a\000o\000\040\000d\000i\036\307\000n}{chapter.5}% 47
\BOOKMARK [1][-]{section.5.13}{\376\377\000V\036\275\000\040\000b\000i\036\303\000u\000\040\001\021\036\323\000\040\000r\000e\000a\000l\000t\000i\000m\000e}{chapter.5}% 48
\BOOKMARK [1][-]{section.5.14}{\376\377\000G\000h\000i\000\040\000l\000o\000g\000\040\000v\000\340\000\040\001\021\000\363\000n\000g\000\040\000c\000h\001\260\001\241\000n\000g\000\040\000t\000r\000\354\000n\000h}{chapter.5}% 49
\BOOKMARK [0][-]{chapter.6}{\376\377\000T\036\324\000N\000G\000\040\000K\036\276\000T}{}% 50
\BOOKMARK [1][-]{section.6.1}{\376\377\000K\036\277\000t\000\040\000q\000u\036\243\000\040\001\021\036\241\000t\000\040\001\021\001\260\036\343\000c}{chapter.6}% 51
\BOOKMARK [1][-]{section.6.2}{\376\377\000\335\000\040\000n\000g\000h\001\051\000a\000\040\000c\036\347\000a\000\040\000k\000i\036\277\000n\000\040\000t\000r\000\372\000c\000\040\000r\000e\000a\000l\000t\000i\000m\000e\000\040\000c\036\345\000c\000\040\000b\036\331}{chapter.6}% 52
\BOOKMARK [1][-]{section.6.3}{\376\377\000H\036\241\000n\000\040\000c\000h\036\277}{chapter.6}% 53
\BOOKMARK [1][-]{section.6.4}{\376\377\000H\001\260\036\333\000n\000g\000\040\000p\000h\000\341\000t\000\040\000t\000r\000i\036\303\000n}{chapter.6}% 54
